# JRE version: OpenJDK Runtime Environment (11.0.6+10) (build 11.0.6+10)
# Java VM: OpenJDK 64-Bit Server VM (11.0.6+10, mixed mode, tiered, compressed oops, g1 gc, windows-amd64)
Heap:
 garbage-first heap   total 157696K, used 44368K [0x0000000081c00000, 0x0000000100000000)
  region size 1024K, 30 young (30720K), 6 survivors (6144K)
 Metaspace       used 30315K, capacity 30886K, committed 31024K, reserved 1077248K
  class space    used 3245K, capacity 3430K, committed 3456K, reserved 1048576K
GC Heap History (14 events):
Event: 1.719 GC heap before
{Heap before GC invocations=0 (full 0):
 garbage-first heap   total 131072K, used 13312K [0x0000000081c00000, 0x0000000100000000)
  region size 1024K, 14 young (14336K), 0 survivors (0K)
 Metaspace       used 11129K, capacity 11341K, committed 11520K, reserved 1058816K
  class space    used 1111K, capacity 1184K, committed 1280K, reserved 1048576K
}
Event: 1.729 GC heap after
{Heap after GC invocations=1 (full 0):
 garbage-first heap   total 131072K, used 2947K [0x0000000081c00000, 0x0000000100000000)
  region size 1024K, 2 young (2048K), 2 survivors (2048K)
 Metaspace       used 11129K, capacity 11341K, committed 11520K, reserved 1058816K
  class space    used 1111K, capacity 1184K, committed 1280K, reserved 1048576K
}
Event: 3.044 GC heap before
{Heap before GC invocations=1 (full 0):
 garbage-first heap   total 131072K, used 32643K [0x0000000081c00000, 0x0000000100000000)
  region size 1024K, 31 young (31744K), 2 survivors (2048K)
 Metaspace       used 15513K, capacity 15804K, committed 15872K, reserved 1062912K
  class space    used 1666K, capacity 1775K, committed 1792K, reserved 1048576K
}
Event: 3.050 GC heap after
{Heap after GC invocations=2 (full 0):
 garbage-first heap   total 131072K, used 4301K [0x0000000081c00000, 0x0000000100000000)
  region size 1024K, 4 young (4096K), 4 survivors (4096K)
 Metaspace       used 15513K, capacity 15804K, committed 15872K, reserved 1062912K
  class space    used 1666K, capacity 1775K, committed 1792K, reserved 1048576K
}
Event: 5.185 GC heap before
{Heap before GC invocations=2 (full 0):
 garbage-first heap   total 131072K, used 41165K [0x0000000081c00000, 0x0000000100000000)
  region size 1024K, 40 young (40960K), 4 survivors (4096K)
 Metaspace       used 19746K, capacity 20073K, committed 20224K, reserved 1067008K
  class space    used 2131K, capacity 2246K, committed 2304K, reserved 1048576K
}
Event: 5.203 GC heap after
{Heap after GC invocations=3 (full 0):
 garbage-first heap   total 131072K, used 9336K [0x0000000081c00000, 0x0000000100000000)
  region size 1024K, 5 young (5120K), 5 survivors (5120K)
 Metaspace       used 19746K, capacity 20073K, committed 20224K, reserved 1067008K
  class space    used 2131K, capacity 2246K, committed 2304K, reserved 1048576K
}
Event: 8.144 GC heap before
{Heap before GC invocations=3 (full 0):
 garbage-first heap   total 131072K, used 61560K [0x0000000081c00000, 0x0000000100000000)
  region size 1024K, 56 young (57344K), 5 survivors (5120K)
 Metaspace       used 20649K, capacity 21053K, committed 21296K, reserved 1069056K
  class space    used 2183K, capacity 2316K, committed 2432K, reserved 1048576K
}
Event: 8.185 GC heap after
{Heap after GC invocations=4 (full 0):
 garbage-first heap   total 131072K, used 14620K [0x0000000081c00000, 0x0000000100000000)
  region size 1024K, 6 young (6144K), 6 survivors (6144K)
 Metaspace       used 20649K, capacity 21053K, committed 21296K, reserved 1069056K
  class space    used 2183K, capacity 2316K, committed 2432K, reserved 1048576K
}
Event: 8.567 GC heap before
{Heap before GC invocations=4 (full 0):
 garbage-first heap   total 131072K, used 25884K [0x0000000081c00000, 0x0000000100000000)
  region size 1024K, 18 young (18432K), 6 survivors (6144K)
 Metaspace       used 20794K, capacity 21126K, committed 21296K, reserved 1069056K
  class space    used 2184K, capacity 2319K, committed 2432K, reserved 1048576K
}
Event: 8.591 GC heap after
{Heap after GC invocations=5 (full 0):
 garbage-first heap   total 131072K, used 15712K [0x0000000081c00000, 0x0000000100000000)
  region size 1024K, 1 young (1024K), 1 survivors (1024K)
 Metaspace       used 20794K, capacity 21126K, committed 21296K, reserved 1069056K
  class space    used 2184K, capacity 2319K, committed 2432K, reserved 1048576K
}
Event: 11.000 GC heap before
{Heap before GC invocations=6 (full 0):
 garbage-first heap   total 131072K, used 68960K [0x0000000081c00000, 0x0000000100000000)
  region size 1024K, 53 young (54272K), 1 survivors (1024K)
 Metaspace       used 21347K, capacity 21821K, committed 22064K, reserved 1069056K
  class space    used 2213K, capacity 2357K, committed 2432K, reserved 1048576K
}
Event: 11.006 GC heap after
{Heap after GC invocations=7 (full 0):
 garbage-first heap   total 157696K, used 18784K [0x0000000081c00000, 0x0000000100000000)
  region size 1024K, 4 young (4096K), 4 survivors (4096K)
 Metaspace       used 21347K, capacity 21821K, committed 22064K, reserved 1069056K
  class space    used 2213K, capacity 2357K, committed 2432K, reserved 1048576K
}
Event: 12.035 GC heap before
{Heap before GC invocations=7 (full 0):
 garbage-first heap   total 157696K, used 82272K [0x0000000081c00000, 0x0000000100000000)
  region size 1024K, 66 young (67584K), 4 survivors (4096K)
 Metaspace       used 24367K, capacity 24906K, committed 25264K, reserved 1071104K
  class space    used 2554K, capacity 2712K, committed 2816K, reserved 1048576K
}
Event: 12.042 GC heap after
{Heap after GC invocations=8 (full 0):
 garbage-first heap   total 157696K, used 21840K [0x0000000081c00000, 0x0000000100000000)
  region size 1024K, 6 young (6144K), 6 survivors (6144K)
 Metaspace       used 24367K, capacity 24906K, committed 25264K, reserved 1071104K
  class space    used 2554K, capacity 2712K, committed 2816K, reserved 1048576K
}

